# JRE version: OpenJDK Runtime Environment GraalVM CE 22.3.0 (17.0.5+8) (build 17.0.5+8-jvmci-22.3-b08)
# Java VM: OpenJDK 64-Bit Server VM GraalVM CE 22.3.0 (17.0.5+8-jvmci-22.3-b08, mixed mode, sharing, tiered, jvmci, jvmci compiler, compressed oops, compressed class ptrs, parallel gc, linux-amd64)
GC Precious Log:
 CPUs: 8 total, 1 available
 Memory: 1024M
 Large Page Support: Disabled
 NUMA Support: Disabled
 Compressed Oops: Enabled (32-bit)
 Alignments: Space 512K, Generation 512K, Heap 2M
 Heap Min Capacity: 100M
 Heap Initial Capacity: 100M
 Heap Max Capacity: 512M
 Pre-touch: Disabled
 Parallel Workers: 1
Heap:
 PSYoungGen      total 36352K, used 26624K [0x00000000f5580000, 0x00000000fa100000, 0x0000000100000000)
  eden space 26624K, 100% used [0x00000000f5580000,0x00000000f6f80000,0x00000000f6f80000)
  from space 9728K, 0% used [0x00000000f6f80000,0x00000000f6f80000,0x00000000f7900000)
  to   space 23040K, 0% used [0x00000000f8a80000,0x00000000f8a80000,0x00000000fa100000)
 ParOldGen       total 349696K, used 349693K [0x00000000e0000000, 0x00000000f5580000, 0x00000000f5580000)
  object space 349696K, 99% used [0x00000000e0000000,0x00000000f557f570,0x00000000f5580000)
 Metaspace       used 55807K, committed 56640K, reserved 1105920K
  class space    used 5384K, committed 5760K, reserved 1048576K
GC Heap History (20 events):
Event: 1568.945 GC heap before
{Heap before GC invocations=1329 (full 1195):
 PSYoungGen      total 36352K, used 26623K [0x00000000f5580000, 0x00000000fa100000, 0x0000000100000000)
  eden space 26624K, 99% used [0x00000000f5580000,0x00000000f6f7fff8,0x00000000f6f80000)
  from space 9728K, 0% used [0x00000000f6f80000,0x00000000f6f80000,0x00000000f7900000)
  to   space 23040K, 0% used [0x00000000f8a80000,0x00000000f8a80000,0x00000000fa100000)
 ParOldGen       total 349696K, used 349695K [0x00000000e0000000, 0x00000000f5580000, 0x00000000f5580000)
  object space 349696K, 99% used [0x00000000e0000000,0x00000000f557fc40,0x00000000f5580000)
 Metaspace       used 55807K, committed 56640K, reserved 1105920K
  class space    used 5384K, committed 5760K, reserved 1048576K
}
Event: 1570.334 GC heap after
{Heap after GC invocations=1329 (full 1195):
 PSYoungGen      total 49664K, used 26623K [0x00000000f5580000, 0x00000000fa100000, 0x0000000100000000)
  eden space 26624K, 99% used [0x00000000f5580000,0x00000000f6f7fff8,0x00000000f6f80000)
  from space 23040K, 0% used [0x00000000f8a80000,0x00000000f8a80000,0x00000000fa100000)
  to   space 9728K, 0% used [0x00000000f6f80000,0x00000000f6f80000,0x00000000f7900000)
 ParOldGen       total 349696K, used 349691K [0x00000000e0000000, 0x00000000f5580000, 0x00000000f5580000)
  object space 349696K, 99% used [0x00000000e0000000,0x00000000f557eff8,0x00000000f5580000)
 Metaspace       used 55807K, committed 56640K, reserved 1105920K
  class space    used 5384K, committed 5760K, reserved 1048576K
}
Event: 1570.337 GC heap before
{Heap before GC invocations=1330 (full 1196):
 PSYoungGen      total 49664K, used 26623K [0x00000000f5580000, 0x00000000fa100000, 0x0000000100000000)
  eden space 26624K, 99% used [0x00000000f5580000,0x00000000f6f7fff8,0x00000000f6f80000)
  from space 23040K, 0% used [0x00000000f8a80000,0x00000000f8a80000,0x00000000fa100000)
  to   space 9728K, 0% used [0x00000000f6f80000,0x00000000f6f80000,0x00000000f7900000)
 ParOldGen       total 349696K, used 349695K [0x00000000e0000000, 0x00000000f5580000, 0x00000000f5580000)
  object space 349696K, 99% used [0x00000000e0000000,0x00000000f557fdf8,0x00000000f5580000)
 Metaspace       used 55807K, committed 56640K, reserved 1105920K
  class space    used 5384K, committed 5760K, reserved 1048576K
}
Event: 1571.663 GC heap after
{Heap after GC invocations=1330 (full 1196):
 PSYoungGen      total 36352K, used 26623K [0x00000000f5580000, 0x00000000fa100000, 0x0000000100000000)
  eden space 26624K, 99% used [0x00000000f5580000,0x00000000f6f7fff8,0x00000000f6f80000)
  from space 9728K, 0% used [0x00000000f6f80000,0x00000000f6f80000,0x00000000f7900000)
  to   space 23040K, 0% used [0x00000000f8a80000,0x00000000f8a80000,0x00000000fa100000)
 ParOldGen       total 349696K, used 349693K [0x00000000e0000000, 0x00000000f5580000, 0x00000000f5580000)
  object space 349696K, 99% used [0x00000000e0000000,0x00000000f557f780,0x00000000f5580000)
 Metaspace       used 55807K, committed 56640K, reserved 1105920K
  class space    used 5384K, committed 5760K, reserved 1048576K
}
Event: 1571.664 GC heap before
{Heap before GC invocations=1331 (full 1197):
 PSYoungGen      total 36352K, used 26623K [0x00000000f5580000, 0x00000000fa100000, 0x0000000100000000)
  eden space 26624K, 99% used [0x00000000f5580000,0x00000000f6f7fff8,0x00000000f6f80000)
  from space 9728K, 0% used [0x00000000f6f80000,0x00000000f6f80000,0x00000000f7900000)
  to   space 23040K, 0% used [0x00000000f8a80000,0x00000000f8a80000,0x00000000fa100000)
 ParOldGen       total 349696K, used 349696K [0x00000000e0000000, 0x00000000f5580000, 0x00000000f5580000)
  object space 349696K, 100% used [0x00000000e0000000,0x00000000f5580000,0x00000000f5580000)
 Metaspace       used 55807K, committed 56640K, reserved 1105920K
  class space    used 5384K, committed 5760K, reserved 1048576K
}
Event: 1573.042 GC heap after
{Heap after GC invocations=1331 (full 1197):
 PSYoungGen      total 49664K, used 26623K [0x00000000f5580000, 0x00000000fa100000, 0x0000000100000000)
  eden space 26624K, 99% used [0x00000000f5580000,0x00000000f6f7fff8,0x00000000f6f80000)
  from space 23040K, 0% used [0x00000000f8a80000,0x00000000f8a80000,0x00000000fa100000)
  to   space 9728K, 0% used [0x00000000f6f80000,0x00000000f6f80000,0x00000000f7900000)
 ParOldGen       total 349696K, used 349693K [0x00000000e0000000, 0x00000000f5580000, 0x00000000f5580000)
  object space 349696K, 99% used [0x00000000e0000000,0x00000000f557f730,0x00000000f5580000)
 Metaspace       used 55807K, committed 56640K, reserved 1105920K
  class space    used 5384K, committed 5760K, reserved 1048576K
}
Event: 1573.043 GC heap before
{Heap before GC invocations=1332 (full 1198):
 PSYoungGen      total 49664K, used 26623K [0x00000000f5580000, 0x00000000fa100000, 0x0000000100000000)
  eden space 26624K, 99% used [0x00000000f5580000,0x00000000f6f7fff8,0x00000000f6f80000)
  from space 23040K, 0% used [0x00000000f8a80000,0x00000000f8a80000,0x00000000fa100000)
  to   space 9728K, 0% used [0x00000000f6f80000,0x00000000f6f80000,0x00000000f7900000)
 ParOldGen       total 349696K, used 349695K [0x00000000e0000000, 0x00000000f5580000, 0x00000000f5580000)
  object space 349696K, 99% used [0x00000000e0000000,0x00000000f557ffc0,0x00000000f5580000)
 Metaspace       used 55807K, committed 56640K, reserved 1105920K
  class space    used 5384K, committed 5760K, reserved 1048576K
}
Event: 1574.554 GC heap after
{Heap after GC invocations=1332 (full 1198):
 PSYoungGen      total 36352K, used 26623K [0x00000000f5580000, 0x00000000fa100000, 0x0000000100000000)
  eden space 26624K, 99% used [0x00000000f5580000,0x00000000f6f7fff8,0x00000000f6f80000)
  from space 9728K, 0% used [0x00000000f6f80000,0x00000000f6f80000,0x00000000f7900000)
  to   space 23040K, 0% used [0x00000000f8a80000,0x00000000f8a80000,0x00000000fa100000)
 ParOldGen       total 349696K, used 349695K [0x00000000e0000000, 0x00000000f5580000, 0x00000000f5580000)
  object space 349696K, 99% used [0x00000000e0000000,0x00000000f557ff30,0x00000000f5580000)
 Metaspace       used 55807K, committed 56640K, reserved 1105920K
  class space    used 5384K, committed 5760K, reserved 1048576K
}
Event: 1574.555 GC heap before
{Heap before GC invocations=1333 (full 1199):
 PSYoungGen      total 36352K, used 26623K [0x00000000f5580000, 0x00000000fa100000, 0x0000000100000000)
  eden space 26624K, 99% used [0x00000000f5580000,0x00000000f6f7fff8,0x00000000f6f80000)
  from space 9728K, 0% used [0x00000000f6f80000,0x00000000f6f80000,0x00000000f7900000)
  to   space 23040K, 0% used [0x00000000f8a80000,0x00000000f8a80000,0x00000000fa100000)
 ParOldGen       total 349696K, used 349695K [0x00000000e0000000, 0x00000000f5580000, 0x00000000f5580000)
  object space 349696K, 99% used [0x00000000e0000000,0x00000000f557ffb0,0x00000000f5580000)
 Metaspace       used 55807K, committed 56640K, reserved 1105920K
  class space    used 5384K, committed 5760K, reserved 1048576K
}
Event: 1575.926 GC heap after
{Heap after GC invocations=1333 (full 1199):
 PSYoungGen      total 49664K, used 26623K [0x00000000f5580000, 0x00000000fa100000, 0x0000000100000000)
  eden space 26624K, 99% used [0x00000000f5580000,0x00000000f6f7ffd8,0x00000000f6f80000)
  from space 23040K, 0% used [0x00000000f8a80000,0x00000000f8a80000,0x00000000fa100000)
  to   space 9728K, 0% used [0x00000000f6f80000,0x00000000f6f80000,0x00000000f7900000)
 ParOldGen       total 349696K, used 349695K [0x00000000e0000000, 0x00000000f5580000, 0x00000000f5580000)
  object space 349696K, 99% used [0x00000000e0000000,0x00000000f557ff18,0x00000000f5580000)
 Metaspace       used 55807K, committed 56640K, reserved 1105920K
  class space    used 5384K, committed 5760K, reserved 1048576K
}
Event: 1575.926 GC heap before
{Heap before GC invocations=1334 (full 1200):
 PSYoungGen      total 49664K, used 26624K [0x00000000f5580000, 0x00000000fa100000, 0x0000000100000000)
  eden space 26624K, 100% used [0x00000000f5580000,0x00000000f6f80000,0x00000000f6f80000)
  from space 23040K, 0% used [0x00000000f8a80000,0x00000000f8a80000,0x00000000fa100000)
  to   space 9728K, 0% used [0x00000000f6f80000,0x00000000f6f80000,0x00000000f7900000)
 ParOldGen       total 349696K, used 349695K [0x00000000e0000000, 0x00000000f5580000, 0x00000000f5580000)
  object space 349696K, 99% used [0x00000000e0000000,0x00000000f557ff18,0x00000000f5580000)
 Metaspace       used 55807K, committed 56640K, reserved 1105920K
  class space    used 5384K, committed 5760K, reserved 1048576K
}
Event: 1577.323 GC heap after
{Heap after GC invocations=1334 (full 1200):
 PSYoungGen      total 36352K, used 26624K [0x00000000f5580000, 0x00000000fa100000, 0x0000000100000000)
  eden space 26624K, 100% used [0x00000000f5580000,0x00000000f6f80000,0x00000000f6f80000)
  from space 9728K, 0% used [0x00000000f6f80000,0x00000000f6f80000,0x00000000f7900000)
  to   space 23040K, 0% used [0x00000000f8a80000,0x00000000f8a80000,0x00000000fa100000)
 ParOldGen       total 349696K, used 349695K [0x00000000e0000000, 0x00000000f5580000, 0x00000000f5580000)
  object space 349696K, 99% used [0x00000000e0000000,0x00000000f557ff18,0x00000000f5580000)
 Metaspace       used 55807K, committed 56640K, reserved 1105920K
  class space    used 5384K, committed 5760K, reserved 1048576K
}
Event: 1577.327 GC heap before
{Heap before GC invocations=1335 (full 1201):
 PSYoungGen      total 36352K, used 26624K [0x00000000f5580000, 0x00000000fa100000, 0x0000000100000000)
  eden space 26624K, 100% used [0x00000000f5580000,0x00000000f6f80000,0x00000000f6f80000)
  from space 9728K, 0% used [0x00000000f6f80000,0x00000000f6f80000,0x00000000f7900000)
  to   space 23040K, 0% used [0x00000000f8a80000,0x00000000f8a80000,0x00000000fa100000)
 ParOldGen       total 349696K, used 349695K [0x00000000e0000000, 0x00000000f5580000, 0x00000000f5580000)
  object space 349696K, 99% used [0x00000000e0000000,0x00000000f557fff8,0x00000000f5580000)
 Metaspace       used 55807K, committed 56640K, reserved 1105920K
  class space    used 5384K, committed 5760K, reserved 1048576K
}
Event: 1578.810 GC heap after
{Heap after GC invocations=1335 (full 1201):
 PSYoungGen      total 49664K, used 26624K [0x00000000f5580000, 0x00000000fa100000, 0x0000000100000000)
  eden space 26624K, 100% used [0x00000000f5580000,0x00000000f6f80000,0x00000000f6f80000)
  from space 23040K, 0% used [0x00000000f8a80000,0x00000000f8a80000,0x00000000fa100000)
  to   space 9728K, 0% used [0x00000000f6f80000,0x00000000f6f80000,0x00000000f7900000)
 ParOldGen       total 349696K, used 349695K [0x00000000e0000000, 0x00000000f5580000, 0x00000000f5580000)
  object space 349696K, 99% used [0x00000000e0000000,0x00000000f557fff8,0x00000000f5580000)
 Metaspace       used 55807K, committed 56640K, reserved 1105920K
  class space    used 5384K, committed 5760K, reserved 1048576K
}
Event: 1578.810 GC heap before
{Heap before GC invocations=1336 (full 1202):
 PSYoungGen      total 49664K, used 26624K [0x00000000f5580000, 0x00000000fa100000, 0x0000000100000000)
  eden space 26624K, 100% used [0x00000000f5580000,0x00000000f6f80000,0x00000000f6f80000)
  from space 23040K, 0% used [0x00000000f8a80000,0x00000000f8a80000,0x00000000fa100000)
  to   space 9728K, 0% used [0x00000000f6f80000,0x00000000f6f80000,0x00000000f7900000)
 ParOldGen       total 349696K, used 349695K [0x00000000e0000000, 0x00000000f5580000, 0x00000000f5580000)
  object space 349696K, 99% used [0x00000000e0000000,0x00000000f557fff8,0x00000000f5580000)
 Metaspace       used 55807K, committed 56640K, reserved 1105920K
  class space    used 5384K, committed 5760K, reserved 1048576K
}
Event: 1580.140 GC heap after
{Heap after GC invocations=1336 (full 1202):
 PSYoungGen      total 36352K, used 26624K [0x00000000f5580000, 0x00000000fa100000, 0x0000000100000000)
  eden space 26624K, 100% used [0x00000000f5580000,0x00000000f6f80000,0x00000000f6f80000)
  from space 9728K, 0% used [0x00000000f6f80000,0x00000000f6f80000,0x00000000f7900000)
  to   space 23040K, 0% used [0x00000000f8a80000,0x00000000f8a80000,0x00000000fa100000)
 ParOldGen       total 349696K, used 349692K [0x00000000e0000000, 0x00000000f5580000, 0x00000000f5580000)
  object space 349696K, 99% used [0x00000000e0000000,0x00000000f557f128,0x00000000f5580000)
 Metaspace       used 55807K, committed 56640K, reserved 1105920K
  class space    used 5384K, committed 5760K, reserved 1048576K
}
Event: 1580.147 GC heap before
{Heap before GC invocations=1337 (full 1203):
 PSYoungGen      total 36352K, used 26624K [0x00000000f5580000, 0x00000000fa100000, 0x0000000100000000)
  eden space 26624K, 100% used [0x00000000f5580000,0x00000000f6f80000,0x00000000f6f80000)
  from space 9728K, 0% used [0x00000000f6f80000,0x00000000f6f80000,0x00000000f7900000)
  to   space 23040K, 0% used [0x00000000f8a80000,0x00000000f8a80000,0x00000000fa100000)
 ParOldGen       total 349696K, used 349694K [0x00000000e0000000, 0x00000000f5580000, 0x00000000f5580000)
  object space 349696K, 99% used [0x00000000e0000000,0x00000000f557fa00,0x00000000f5580000)
 Metaspace       used 55807K, committed 56640K, reserved 1105920K
  class space    used 5384K, committed 5760K, reserved 1048576K
}
Event: 1581.433 GC heap after
{Heap after GC invocations=1337 (full 1203):
 PSYoungGen      total 49664K, used 26624K [0x00000000f5580000, 0x00000000fa100000, 0x0000000100000000)
  eden space 26624K, 100% used [0x00000000f5580000,0x00000000f6f80000,0x00000000f6f80000)
  from space 23040K, 0% used [0x00000000f8a80000,0x00000000f8a80000,0x00000000fa100000)
  to   space 9728K, 0% used [0x00000000f6f80000,0x00000000f6f80000,0x00000000f7900000)
 ParOldGen       total 349696K, used 349693K [0x00000000e0000000, 0x00000000f5580000, 0x00000000f5580000)
  object space 349696K, 99% used [0x00000000e0000000,0x00000000f557f520,0x00000000f5580000)
 Metaspace       used 55807K, committed 56640K, reserved 1105920K
  class space    used 5384K, committed 5760K, reserved 1048576K
}
Event: 1581.433 GC heap before
{Heap before GC invocations=1338 (full 1204):
 PSYoungGen      total 49664K, used 26624K [0x00000000f5580000, 0x00000000fa100000, 0x0000000100000000)
  eden space 26624K, 100% used [0x00000000f5580000,0x00000000f6f80000,0x00000000f6f80000)
  from space 23040K, 0% used [0x00000000f8a80000,0x00000000f8a80000,0x00000000fa100000)
  to   space 9728K, 0% used [0x00000000f6f80000,0x00000000f6f80000,0x00000000f7900000)
 ParOldGen       total 349696K, used 349693K [0x00000000e0000000, 0x00000000f5580000, 0x00000000f5580000)
  object space 349696K, 99% used [0x00000000e0000000,0x00000000f557f520,0x00000000f5580000)
 Metaspace       used 55807K, committed 56640K, reserved 1105920K
  class space    used 5384K, committed 5760K, reserved 1048576K
}
Event: 1582.827 GC heap after
{Heap after GC invocations=1338 (full 1204):
 PSYoungGen      total 36352K, used 26624K [0x00000000f5580000, 0x00000000fa100000, 0x0000000100000000)
  eden space 26624K, 100% used [0x00000000f5580000,0x00000000f6f80000,0x00000000f6f80000)
  from space 9728K, 0% used [0x00000000f6f80000,0x00000000f6f80000,0x00000000f7900000)
  to   space 23040K, 0% used [0x00000000f8a80000,0x00000000f8a80000,0x00000000fa100000)
 ParOldGen       total 349696K, used 349693K [0x00000000e0000000, 0x00000000f5580000, 0x00000000f5580000)
  object space 349696K, 99% used [0x00000000e0000000,0x00000000f557f520,0x00000000f5580000)
 Metaspace       used 55807K, committed 56640K, reserved 1105920K
  class space    used 5384K, committed 5760K, reserved 1048576K
}

